------------------------------------------------------------------------
19-05-2011 02:52:46 - INVOICE 130 - TXNID - 3BN91687UB9213404
POST: Array
(
    [mc_gross] => 2.80
    [invoice] => 130
    [protection_eligibility] => Ineligible
    [address_status] => unconfirmed
    [item_number1] => 130 6-5
    [tax] => 0.00
    [item_number2] => 130 19-3
    [payer_id] => WBF5ESZ6QX5MY
    [address_street] => Spoleczna 8/31
    [payment_date] => 05:52:43 May 19, 2011 PDT
    [payment_status] => Completed
    [charset] => windows-1250
    [address_zip] => 93-313
    [mc_shipping] => 0.00
    [mc_handling] => 0.00
    [first_name] => Marcin
    [mc_fee] => 0.28
    [address_country_code] => PL
    [address_name] => Marcin Matuszewski
    [notify_version] => 3.1
    [custom] => 
    [payer_status] => verified
    [business] => office@smashintracks.com
    [address_country] => Poland
    [num_cart_items] => 2
    [mc_handling1] => 0.00
    [mc_handling2] => 0.00
    [address_city] => Lodz
    [verify_sign] => AMkWA1jKc9hg.vdc3kcdlqAFNajcAA6faR-TkGR2IuDgCrlAgtmT86F6
    [payer_email] => marti_no@o2.pl
    [mc_shipping1] => 0.00
    [mc_shipping2] => 0.00
    [txn_id] => 3BN91687UB9213404
    [payment_type] => instant
    [last_name] => Matuszewski
    [address_state] => 
    [item_name1] => MP3 Download: We No Speak Americano - Madogz
    [receiver_email] => office@smashintracks.com
    [item_name2] => MP3 Download: Back Again - Base Club
    [payment_fee] => 
    [quantity1] => 1
    [quantity2] => 1
    [receiver_id] => Y8BY2HNCNHJJN
    [txn_type] => cart
    [mc_gross_1] => 1.40
    [mc_currency] => GBP
    [mc_gross_2] => 1.40
    [residence_country] => PL
    [transaction_subject] => Shopping Cart
    [payment_gross] => 
    [ipn_track_id] => QcYFXzhrfgU5BG5gdH5YXw
)

IPN VERIFIED START - line 272
Res: VERIFIED - line 273
Req: VERIFIED - line 274
txn_type = cart - line 306
INSERT SUCCESS: insert into paypal_payment_info(paymentstatus,buyer_email,firstname,lastname,street,city,state,zipcode,country,mc_gross,mc_fee,memo,paymenttype,paymentdate,txnid,pendingreason,reasoncode,tax,datecreation) values ('Completed','marti_no@o2.pl','Marcin','Matuszewski','Spoleczna 8/31','Lodz','','93-313','Poland','2.80','0.28','','instant','05:52:43 May 19, 2011 PDT','3BN91687UB9213404','','','0.00','20110519') - rows: 1 - line 310
UPDATE SUCCESS: UPDATE `transactions` SET `transactions_paymethod` = '1', `transactions_paypal_txnid` = '3BN91687UB9213404', `transactions_date` =  NOW(), `transactions_done` = '1', `transactions_path` = '7JoiS3QdnVeYRylf2NRXYmW5omvuoxTZ' WHERE `transactions`.`transactions_id` = '130' LIMIT 1 - rows: 1 -  line 330
INSERT SUCCESS: insert into paypal_cart_info(txnid,itemnumber,itemname,os0,on0,os1,on1,quantity,invoice,custom) values ('3BN91687UB9213404','130 6-5','MP3 Download: We No Speak Americano - Madogz','','','','','1','130','') - rows: 1 - line 365
INSERT SUCCESS: INSERT INTO `transactions_tracks` (`transactions_tracks_id`, `transactions_id`, `tracks_id`, `transactions_tracks_path`) VALUES (NULL, '130', '6', '2HHiLiM9E0hfzTL2qnZOZ5UNsPHgNlFe'); - rows: 1 - line 387
INSERT SUCCESS: INSERT INTO `transactions_saldo` (`transactions_saldo_id`, `transactions_tracks_id`, `profiles_id`, `transactions_saldo_value`) VALUES (NULL, '2', '5', '70'); - rows: 1 - line 397
UPDATE SUCCESS: UPDATE `profiles` SET `profiles_balance` = `profiles_balance` + '70'  WHERE `profiles_id` = '5' LIMIT 1; - rows: 1 - line 402
INSERT SUCCESS: INSERT INTO `transactions_saldo` (`transactions_saldo_id`, `transactions_tracks_id`, `profiles_id`, `transactions_saldo_value`) VALUES (NULL, '2', '1', '70'); - rows: 1 - line 411
UPDATE SUCCESS: UPDATE `profiles` SET `profiles_balance` = `profiles_balance` + '70'  WHERE `profiles_id` = '1' LIMIT 1; - rows: 1 - line 416
INSERT SUCCESS: INSERT INTO `transactions_saldo` (`transactions_saldo_id`, `transactions_tracks_id`, `profiles_id`, `transactions_saldo_value`) VALUES (NULL, '2', NULL, '-140'); - rows: 1 - line 428
INSERT SUCCESS: insert into paypal_cart_info(txnid,itemnumber,itemname,os0,on0,os1,on1,quantity,invoice,custom) values ('3BN91687UB9213404','130 19-3','MP3 Download: Back Again - Base Club','','','','','1','130','') - rows: 1 - line 365
INSERT SUCCESS: INSERT INTO `transactions_tracks` (`transactions_tracks_id`, `transactions_id`, `tracks_id`, `transactions_tracks_path`) VALUES (NULL, '130', '19', '0XMOFjXTkE9jhUmYIMwrRQEKqW1EHHsK'); - rows: 1 - line 387
INSERT SUCCESS: INSERT INTO `transactions_saldo` (`transactions_saldo_id`, `transactions_tracks_id`, `profiles_id`, `transactions_saldo_value`) VALUES (NULL, '3', '3', '70'); - rows: 1 - line 397
UPDATE SUCCESS: UPDATE `profiles` SET `profiles_balance` = `profiles_balance` + '70'  WHERE `profiles_id` = '3' LIMIT 1; - rows: 1 - line 402
INSERT SUCCESS: INSERT INTO `transactions_saldo` (`transactions_saldo_id`, `transactions_tracks_id`, `profiles_id`, `transactions_saldo_value`) VALUES (NULL, '3', '1', '70'); - rows: 1 - line 411
UPDATE SUCCESS: UPDATE `profiles` SET `profiles_balance` = `profiles_balance` + '70'  WHERE `profiles_id` = '1' LIMIT 1; - rows: 1 - line 416
INSERT SUCCESS: INSERT INTO `transactions_saldo` (`transactions_saldo_id`, `transactions_tracks_id`, `profiles_id`, `transactions_saldo_value`) VALUES (NULL, '3', NULL, '-140'); - rows: 1 - line 428
IPN VERIFIED END - line 452


------------------------------------------------------------------------
19-05-2011 06:09:21 - INVOICE 130 - TXNID - 2D220925A06275135
POST: Array
(
    [mc_gross] => -2.80
    [invoice] => 130
    [protection_eligibility] => Ineligible
    [item_number1] => 130 6-5
    [item_number2] => 130 19-3
    [payer_id] => WBF5ESZ6QX5MY
    [address_street] => Spoleczna 8/31
    [payment_date] => 09:09:21 May 19, 2011 PDT
    [payment_status] => Refunded
    [charset] => windows-1250
    [address_zip] => 93-313
    [mc_shipping] => 0.00
    [mc_handling] => 0.00
    [first_name] => Marcin
    [mc_fee] => -0.28
    [address_country_code] => PL
    [address_name] => Marcin Matuszewski
    [notify_version] => 3.1
    [reason_code] => refund
    [custom] => 
    [business] => office@smashintracks.com
    [address_country] => Poland
    [mc_handling1] => 0.00
    [mc_handling2] => 0.00
    [address_city] => Lodz
    [verify_sign] => AVHqonfA02p6c0Yh.83BdnZY22RNAdQ4pZdFPYD.CfYCdtBwN.bUw0WT
    [payer_email] => marti_no@o2.pl
    [mc_shipping1] => 0.00
    [mc_shipping2] => 0.00
    [parent_txn_id] => 3BN91687UB9213404
    [txn_id] => 2D220925A06275135
    [payment_type] => instant
    [last_name] => Matuszewski
    [address_state] => 
    [item_name1] => MP3 Download: We No Speak Americano - Madogz
    [receiver_email] => office@smashintracks.com
    [item_name2] => MP3 Download: Back Again - Base Club
    [payment_fee] => 
    [quantity1] => 1
    [quantity2] => 1
    [receiver_id] => Y8BY2HNCNHJJN
    [mc_gross_1] => 1.40
    [mc_currency] => GBP
    [mc_gross_2] => 1.40
    [residence_country] => PL
    [transaction_subject] => Shopping Cart
    [payment_gross] => 
    [ipn_track_id] => JPH8zl3N.XDpVOky62GukA
)

IPN VERIFIED START - line 272
Res: VERIFIED - line 273
Req: VERIFIED - line 274
ERROR = TRUE - BAD AMOUNT. Should be: 0.00	Is:-2.80	prize - 0	prize_string - 0.00	mc_gross - -2.80 - line 299
txn_type != cart =  - line 441
INSERT SUCCESS: insert into paypal_payment_info(paymentstatus,buyer_email,firstname,lastname,street,city,state,zipcode,country,mc_gross,mc_fee,itemnumber,itemname,os0,on0,os1,on1,quantity,memo,paymenttype,paymentdate,txnid,pendingreason,reasoncode,tax,datecreation) values ('Refunded','marti_no@o2.pl','Marcin','Matuszewski','Spoleczna 8/31','Lodz','','93-313','Poland','-2.80','-0.28','','','','','','','','','instant','09:09:21 May 19, 2011 PDT','2D220925A06275135','','refund','','20110519') - rows: 1 - line 449
IPN VERIFIED END - line 452
