------------------------------------------------------------------------
16-05-2011 11:15:55 - INVOICE 115 - TXNID - 2PE56467573224002
POST: Array
(
    [mc_gross] => 0.02
    [invoice] => 115
    [protection_eligibility] => Ineligible
    [address_status] => unconfirmed
    [item_number1] => 115 2-3
    [payer_id] => WBF5ESZ6QX5MY
    [tax] => 0.00
    [address_street] => Spoleczna 8/31
    [payment_date] => 14:15:46 May 16, 2011 PDT
    [payment_status] => Completed
    [charset] => windows-1250
    [address_zip] => 93-313
    [mc_shipping] => 0.00
    [mc_handling] => 0.00
    [first_name] => Marcin
    [mc_fee] => 0.02
    [address_country_code] => PL
    [address_name] => Marcin Matuszewski
    [notify_version] => 3.1
    [custom] => 
    [payer_status] => verified
    [business] => office@smashintracks.com
    [address_country] => Poland
    [num_cart_items] => 1
    [mc_handling1] => 0.00
    [address_city] => Lodz
    [verify_sign] => AfzPPZH.t0ety8o.ciNBEdPv7r-OAUZoISafrd-9iMmr3YgdTbSzX2dI
    [payer_email] => marti_no@o2.pl
    [mc_shipping1] => 0.00
    [txn_id] => 2PE56467573224002
    [payment_type] => instant
    [last_name] => Matuszewski
    [address_state] => 
    [item_name1] => MP3 Download: Unity - Base Club
    [receiver_email] => office@smashintracks.com
    [payment_fee] => 
    [quantity1] => 1
    [receiver_id] => Y8BY2HNCNHJJN
    [txn_type] => cart
    [mc_gross_1] => 0.02
    [mc_currency] => GBP
    [residence_country] => PL
    [transaction_subject] => Shopping Cart
    [payment_gross] => 
    [ipn_track_id] => -Y90mDuQnuQFxmNhb5YxbQ
)

IPN VERIFIED START - line 272
Res: VERIFIED - line 273
Req: VERIFIED - line 274
txn_type = cart - line 306
INSERT SUCCESS: insert into paypal_payment_info(paymentstatus,buyer_email,firstname,lastname,street,city,state,zipcode,country,mc_gross,mc_fee,memo,paymenttype,paymentdate,txnid,pendingreason,reasoncode,tax,datecreation) values ('Completed','marti_no@o2.pl','Marcin','Matuszewski','Spoleczna 8/31','Lodz','','93-313','Poland','0.02','0.02','','instant','14:15:46 May 16, 2011 PDT','2PE56467573224002','','','0.00','20110516') - rows: 1 - line 310
UPDATE SUCCESS: UPDATE `transactions` SET `transactions_paymethod` = '1', `transactions_paypal_txnid` = '2PE56467573224002', `transactions_date` =  NOW(), `transactions_done` = '1', `transactions_path` = '4deC0ok4nHUQTnuNj0zb658pYwdkB2mb' WHERE `transactions`.`transactions_id` = '115' LIMIT 1 - rows: 1 -  line 330
INSERT SUCCESS: insert into paypal_cart_info(txnid,itemnumber,itemname,os0,on0,os1,on1,quantity,invoice,custom) values ('2PE56467573224002','115 2-3','MP3 Download: Unity - Base Club','','','','','1','115','') - rows: 1 - line 365
INSERT SUCCESS: INSERT INTO `transactions_tracks` (`transactions_tracks_id`, `transactions_id`, `tracks_id`, `transactions_tracks_path`) VALUES (NULL, '115', '2', '6QngFXk3pFTJ3OhnPgOVmXKKTy5f1rHg'); - rows: 1 - line 387
INSERT SUCCESS: INSERT INTO `transactions_saldo` (`transactions_saldo_id`, `transactions_tracks_id`, `profiles_id`, `transactions_saldo_value`) VALUES (NULL, '1', '3', '1'); - rows: 1 - line 397
UPDATE SUCCESS: UPDATE `profiles` SET `profiles_balance` = `profiles_balance` + '1'  WHERE `profiles_id` = '3' LIMIT 1; - rows: 1 - line 402
INSERT SUCCESS: INSERT INTO `transactions_saldo` (`transactions_saldo_id`, `transactions_tracks_id`, `profiles_id`, `transactions_saldo_value`) VALUES (NULL, '1', '1', '1'); - rows: 1 - line 411
UPDATE SUCCESS: UPDATE `profiles` SET `profiles_balance` = `profiles_balance` + '1'  WHERE `profiles_id` = '1' LIMIT 1; - rows: 1 - line 416
INSERT SUCCESS: INSERT INTO `transactions_saldo` (`transactions_saldo_id`, `transactions_tracks_id`, `profiles_id`, `transactions_saldo_value`) VALUES (NULL, '1', NULL, '-2'); - rows: 1 - line 428
IPN VERIFIED END - line 452


------------------------------------------------------------------------
19-05-2011 11:28:50 - INVOICE 115 - TXNID - 2RU15934CV362591W
POST: Array
(
    [mc_gross] => -0.02
    [invoice] => 115
    [protection_eligibility] => Ineligible
    [item_number1] => 115 2-3
    [payer_id] => WBF5ESZ6QX5MY
    [address_street] => Spoleczna 8/31
    [payment_date] => 02:28:41 May 19, 2011 PDT
    [payment_status] => Refunded
    [charset] => windows-1250
    [address_zip] => 93-313
    [mc_shipping] => 0.00
    [mc_handling] => 0.00
    [first_name] => Marcin
    [mc_fee] => -0.02
    [address_country_code] => PL
    [address_name] => Marcin Matuszewski
    [notify_version] => 3.1
    [reason_code] => refund
    [custom] => 
    [business] => office@smashintracks.com
    [address_country] => Poland
    [mc_handling1] => 0.00
    [address_city] => Lodz
    [verify_sign] => AIkKNboJiyuxWLOHUlzTd3lpqCSxAqxMtBW0NMyoFD.l-9E.XDnger8C
    [payer_email] => marti_no@o2.pl
    [mc_shipping1] => 0.00
    [parent_txn_id] => 2PE56467573224002
    [txn_id] => 2RU15934CV362591W
    [payment_type] => instant
    [last_name] => Matuszewski
    [address_state] => 
    [item_name1] => MP3 Download: Unity - Base Club
    [receiver_email] => office@smashintracks.com
    [payment_fee] => 
    [quantity1] => 1
    [receiver_id] => Y8BY2HNCNHJJN
    [mc_gross_1] => 0.02
    [mc_currency] => GBP
    [residence_country] => PL
    [transaction_subject] => Shopping Cart
    [payment_gross] => 
    [ipn_track_id] => HMjeSZ5f80OuFNL9R-odYA
)

IPN VERIFIED START - line 272
Res: VERIFIED - line 273
Req: VERIFIED - line 274
ERROR = TRUE - BAD AMOUNT. Should be: 0.00	Is:-0.02	prize - 0	prize_string - 0.00	mc_gross - -0.02 - line 299
txn_type != cart =  - line 441
INSERT SUCCESS: insert into paypal_payment_info(paymentstatus,buyer_email,firstname,lastname,street,city,state,zipcode,country,mc_gross,mc_fee,itemnumber,itemname,os0,on0,os1,on1,quantity,memo,paymenttype,paymentdate,txnid,pendingreason,reasoncode,tax,datecreation) values ('Refunded','marti_no@o2.pl','Marcin','Matuszewski','Spoleczna 8/31','Lodz','','93-313','Poland','-0.02','-0.02','','','','','','','','','instant','02:28:41 May 19, 2011 PDT','2RU15934CV362591W','','refund','','20110519') - rows: 1 - line 449
IPN VERIFIED END - line 452
