------------------------------------------------------------------------
19-05-2011 04:46:33 - INVOICE 132 - TXNID - 5WL74647HS887032N
POST: Array
(
    [invoice] => 132
    [first_name] => Marcin
    [mc_shipping] => 0.00
    [mc_currency] => GBP
    [payer_status] => verified
    [payment_fee] => 
    [address_status] => unconfirmed
    [payment_gross] => 
    [address_zip] => 93-313
    [address_country_code] => PL
    [txn_type] => cart
    [num_cart_items] => 6
    [mc_handling] => 0.00
    [verify_sign] => Aq3baegWthOLS9.w9UgG04tMjlwwATpd0ZRnhxRWS5L9b0TLpxWU9sub
    [payer_id] => WBF5ESZ6QX5MY
    [charset] => windows-1250
    [receiver_id] => Y8BY2HNCNHJJN
    [mc_handling1] => 0.00
    [mc_handling2] => 0.00
    [mc_handling3] => 0.00
    [mc_handling4] => 0.00
    [mc_handling5] => 0.00
    [item_name1] => MP3 Download: Piano Mash 001 (Base Club Old Skool Rave Edit Mix) - Urban Impulz
    [mc_handling6] => 0.00
    [tax] => 0.00
    [item_name2] => MP3 Download: Are U Ready To Fly - Base Club
    [item_name3] => MP3 Download: Dancin Together - Base Club
    [item_name4] => MP3 Download: Feel It - Base Club
    [payment_type] => instant
    [item_name5] => MP3 Download: Back Again - Base Club
    [item_name6] => MP3 Download: Rudeboyz - Base Club
    [address_street] => Spoleczna 8/31
    [mc_shipping1] => 0.00
    [mc_shipping2] => 0.00
    [mc_shipping3] => 0.00
    [txn_id] => 5WL74647HS887032N
    [mc_shipping4] => 0.00
    [mc_shipping5] => 0.00
    [mc_shipping6] => 0.00
    [mc_gross_1] => 1.40
    [quantity1] => 1
    [mc_gross_2] => 1.40
    [quantity2] => 1
    [item_number1] => 132 1-3
    [protection_eligibility] => Ineligible
    [mc_gross_3] => 1.40
    [quantity3] => 1
    [item_number2] => 132 3-3
    [mc_gross_4] => 1.40
    [quantity4] => 1
    [item_number3] => 132 11-3
    [mc_gross_5] => 1.40
    [quantity5] => 1
    [custom] => 
    [item_number4] => 132 15-3
    [mc_gross_6] => 1.40
    [quantity6] => 1
    [item_number5] => 132 19-3
    [item_number6] => 132 21-3
    [business] => office@smashintracks.com
    [residence_country] => PL
    [last_name] => Matuszewski
    [address_state] => 
    [payer_email] => marti_no@o2.pl
    [address_city] => Lodz
    [payment_status] => Completed
    [payment_date] => 07:46:27 May 19, 2011 PDT
    [transaction_subject] => Shopping Cart
    [receiver_email] => office@smashintracks.com
    [mc_fee] => 0.44
    [notify_version] => 3.1
    [address_country] => Poland
    [mc_gross] => 8.40
    [address_name] => Marcin Matuszewski
    [ipn_track_id] => mj-KAnEBoM8AHqK8Pm3zTg
)

IPN VERIFIED START - line 272
Res: VERIFIED - line 273
Req: VERIFIED - line 274
txn_type = cart - line 306
INSERT SUCCESS: insert into paypal_payment_info(paymentstatus,buyer_email,firstname,lastname,street,city,state,zipcode,country,mc_gross,mc_fee,memo,paymenttype,paymentdate,txnid,pendingreason,reasoncode,tax,datecreation) values ('Completed','marti_no@o2.pl','Marcin','Matuszewski','Spoleczna 8/31','Lodz','','93-313','Poland','8.40','0.44','','instant','07:46:27 May 19, 2011 PDT','5WL74647HS887032N','','','0.00','20110519') - rows: 1 - line 310
UPDATE SUCCESS: UPDATE `transactions` SET `transactions_paymethod` = '1', `transactions_paypal_txnid` = '5WL74647HS887032N', `transactions_date` =  NOW(), `transactions_done` = '1' WHERE `transactions`.`transactions_id` = '132' LIMIT 1 - rows: 1 -  line 330
INSERT SUCCESS: insert into paypal_cart_info(txnid,itemnumber,itemname,os0,on0,os1,on1,quantity,invoice,custom) values ('5WL74647HS887032N','132 1-3','MP3 Download: Piano Mash 001 (Base Club Old Skool Rave Edit Mix) - Urban Impulz','','','','','1','132','') - rows: 1 - line 365
INSERT SUCCESS: INSERT INTO `transactions_tracks` (`transactions_tracks_id`, `transactions_id`, `tracks_id`, `transactions_tracks_path`) VALUES (NULL, '132', '1', '1ERa0Ni4Kl8AHX5uiES3mvjTbACmDI6N'); - rows: 1 - line 387
INSERT SUCCESS: INSERT INTO `transactions_saldo` (`transactions_saldo_id`, `transactions_tracks_id`, `profiles_id`, `transactions_saldo_value`) VALUES (NULL, '5', '3', '70'); - rows: 1 - line 397
UPDATE SUCCESS: UPDATE `profiles` SET `profiles_balance` = `profiles_balance` + '70'  WHERE `profiles_id` = '3' LIMIT 1; - rows: 1 - line 402
INSERT SUCCESS: INSERT INTO `transactions_saldo` (`transactions_saldo_id`, `transactions_tracks_id`, `profiles_id`, `transactions_saldo_value`) VALUES (NULL, '5', '1', '70'); - rows: 1 - line 411
UPDATE SUCCESS: UPDATE `profiles` SET `profiles_balance` = `profiles_balance` + '70'  WHERE `profiles_id` = '1' LIMIT 1; - rows: 1 - line 416
INSERT SUCCESS: INSERT INTO `transactions_saldo` (`transactions_saldo_id`, `transactions_tracks_id`, `profiles_id`, `transactions_saldo_value`) VALUES (NULL, '5', '5', '-140'); - rows: 1 - line 428
INSERT SUCCESS: insert into paypal_cart_info(txnid,itemnumber,itemname,os0,on0,os1,on1,quantity,invoice,custom) values ('5WL74647HS887032N','132 3-3','MP3 Download: Are U Ready To Fly - Base Club','','','','','1','132','') - rows: 1 - line 365
INSERT SUCCESS: INSERT INTO `transactions_tracks` (`transactions_tracks_id`, `transactions_id`, `tracks_id`, `transactions_tracks_path`) VALUES (NULL, '132', '3', '5YxXvgbFSkQjIVe0k74X2n0exCQBVXY1'); - rows: 1 - line 387
INSERT SUCCESS: INSERT INTO `transactions_saldo` (`transactions_saldo_id`, `transactions_tracks_id`, `profiles_id`, `transactions_saldo_value`) VALUES (NULL, '6', '3', '70'); - rows: 1 - line 397
UPDATE SUCCESS: UPDATE `profiles` SET `profiles_balance` = `profiles_balance` + '70'  WHERE `profiles_id` = '3' LIMIT 1; - rows: 1 - line 402
INSERT SUCCESS: INSERT INTO `transactions_saldo` (`transactions_saldo_id`, `transactions_tracks_id`, `profiles_id`, `transactions_saldo_value`) VALUES (NULL, '6', '1', '70'); - rows: 1 - line 411
UPDATE SUCCESS: UPDATE `profiles` SET `profiles_balance` = `profiles_balance` + '70'  WHERE `profiles_id` = '1' LIMIT 1; - rows: 1 - line 416
INSERT SUCCESS: INSERT INTO `transactions_saldo` (`transactions_saldo_id`, `transactions_tracks_id`, `profiles_id`, `transactions_saldo_value`) VALUES (NULL, '6', '5', '-140'); - rows: 1 - line 428
INSERT SUCCESS: insert into paypal_cart_info(txnid,itemnumber,itemname,os0,on0,os1,on1,quantity,invoice,custom) values ('5WL74647HS887032N','132 11-3','MP3 Download: Dancin Together - Base Club','','','','','1','132','') - rows: 1 - line 365
INSERT SUCCESS: INSERT INTO `transactions_tracks` (`transactions_tracks_id`, `transactions_id`, `tracks_id`, `transactions_tracks_path`) VALUES (NULL, '132', '11', '0WZ1DBHfvhPDD4ExBIUE6Us4hJFCrnEx'); - rows: 1 - line 387
INSERT SUCCESS: INSERT INTO `transactions_saldo` (`transactions_saldo_id`, `transactions_tracks_id`, `profiles_id`, `transactions_saldo_value`) VALUES (NULL, '7', '3', '70'); - rows: 1 - line 397
UPDATE SUCCESS: UPDATE `profiles` SET `profiles_balance` = `profiles_balance` + '70'  WHERE `profiles_id` = '3' LIMIT 1; - rows: 1 - line 402
INSERT SUCCESS: INSERT INTO `transactions_saldo` (`transactions_saldo_id`, `transactions_tracks_id`, `profiles_id`, `transactions_saldo_value`) VALUES (NULL, '7', '1', '70'); - rows: 1 - line 411
UPDATE SUCCESS: UPDATE `profiles` SET `profiles_balance` = `profiles_balance` + '70'  WHERE `profiles_id` = '1' LIMIT 1; - rows: 1 - line 416
INSERT SUCCESS: INSERT INTO `transactions_saldo` (`transactions_saldo_id`, `transactions_tracks_id`, `profiles_id`, `transactions_saldo_value`) VALUES (NULL, '7', '5', '-140'); - rows: 1 - line 428
INSERT SUCCESS: insert into paypal_cart_info(txnid,itemnumber,itemname,os0,on0,os1,on1,quantity,invoice,custom) values ('5WL74647HS887032N','132 15-3','MP3 Download: Feel It - Base Club','','','','','1','132','') - rows: 1 - line 365
INSERT SUCCESS: INSERT INTO `transactions_tracks` (`transactions_tracks_id`, `transactions_id`, `tracks_id`, `transactions_tracks_path`) VALUES (NULL, '132', '15', '3oyXzGCuxc8AgM7sfc7l60qnJ50BtE8D'); - rows: 1 - line 387
INSERT SUCCESS: INSERT INTO `transactions_saldo` (`transactions_saldo_id`, `transactions_tracks_id`, `profiles_id`, `transactions_saldo_value`) VALUES (NULL, '8', '3', '70'); - rows: 1 - line 397
UPDATE SUCCESS: UPDATE `profiles` SET `profiles_balance` = `profiles_balance` + '70'  WHERE `profiles_id` = '3' LIMIT 1; - rows: 1 - line 402
INSERT SUCCESS: INSERT INTO `transactions_saldo` (`transactions_saldo_id`, `transactions_tracks_id`, `profiles_id`, `transactions_saldo_value`) VALUES (NULL, '8', '1', '70'); - rows: 1 - line 411
UPDATE SUCCESS: UPDATE `profiles` SET `profiles_balance` = `profiles_balance` + '70'  WHERE `profiles_id` = '1' LIMIT 1; - rows: 1 - line 416
INSERT SUCCESS: INSERT INTO `transactions_saldo` (`transactions_saldo_id`, `transactions_tracks_id`, `profiles_id`, `transactions_saldo_value`) VALUES (NULL, '8', '5', '-140'); - rows: 1 - line 428
INSERT SUCCESS: insert into paypal_cart_info(txnid,itemnumber,itemname,os0,on0,os1,on1,quantity,invoice,custom) values ('5WL74647HS887032N','132 19-3','MP3 Download: Back Again - Base Club','','','','','1','132','') - rows: 1 - line 365
INSERT SUCCESS: INSERT INTO `transactions_tracks` (`transactions_tracks_id`, `transactions_id`, `tracks_id`, `transactions_tracks_path`) VALUES (NULL, '132', '19', '07k1NxwKa4VGRd97FGtLHj9ao9miOvvR'); - rows: 1 - line 387
INSERT SUCCESS: INSERT INTO `transactions_saldo` (`transactions_saldo_id`, `transactions_tracks_id`, `profiles_id`, `transactions_saldo_value`) VALUES (NULL, '9', '3', '70'); - rows: 1 - line 397
UPDATE SUCCESS: UPDATE `profiles` SET `profiles_balance` = `profiles_balance` + '70'  WHERE `profiles_id` = '3' LIMIT 1; - rows: 1 - line 402
INSERT SUCCESS: INSERT INTO `transactions_saldo` (`transactions_saldo_id`, `transactions_tracks_id`, `profiles_id`, `transactions_saldo_value`) VALUES (NULL, '9', '1', '70'); - rows: 1 - line 411
UPDATE SUCCESS: UPDATE `profiles` SET `profiles_balance` = `profiles_balance` + '70'  WHERE `profiles_id` = '1' LIMIT 1; - rows: 1 - line 416
INSERT SUCCESS: INSERT INTO `transactions_saldo` (`transactions_saldo_id`, `transactions_tracks_id`, `profiles_id`, `transactions_saldo_value`) VALUES (NULL, '9', '5', '-140'); - rows: 1 - line 428
INSERT SUCCESS: insert into paypal_cart_info(txnid,itemnumber,itemname,os0,on0,os1,on1,quantity,invoice,custom) values ('5WL74647HS887032N','132 21-3','MP3 Download: Rudeboyz - Base Club','','','','','1','132','') - rows: 1 - line 365
INSERT SUCCESS: INSERT INTO `transactions_tracks` (`transactions_tracks_id`, `transactions_id`, `tracks_id`, `transactions_tracks_path`) VALUES (NULL, '132', '21', '0gTQePlEUGVwte38vwUCfdnUnaCBV8cX'); - rows: 1 - line 387
INSERT SUCCESS: INSERT INTO `transactions_saldo` (`transactions_saldo_id`, `transactions_tracks_id`, `profiles_id`, `transactions_saldo_value`) VALUES (NULL, '10', '3', '70'); - rows: 1 - line 397
UPDATE SUCCESS: UPDATE `profiles` SET `profiles_balance` = `profiles_balance` + '70'  WHERE `profiles_id` = '3' LIMIT 1; - rows: 1 - line 402
INSERT SUCCESS: INSERT INTO `transactions_saldo` (`transactions_saldo_id`, `transactions_tracks_id`, `profiles_id`, `transactions_saldo_value`) VALUES (NULL, '10', '1', '70'); - rows: 1 - line 411
UPDATE SUCCESS: UPDATE `profiles` SET `profiles_balance` = `profiles_balance` + '70'  WHERE `profiles_id` = '1' LIMIT 1; - rows: 1 - line 416
INSERT SUCCESS: INSERT INTO `transactions_saldo` (`transactions_saldo_id`, `transactions_tracks_id`, `profiles_id`, `transactions_saldo_value`) VALUES (NULL, '10', '5', '-140'); - rows: 1 - line 428
IPN VERIFIED END - line 452


------------------------------------------------------------------------
19-05-2011 06:08:52 - INVOICE 132 - TXNID - 64K680631N464291Y
POST: Array
(
    [invoice] => 132
    [first_name] => Marcin
    [mc_shipping] => 0.00
    [mc_currency] => GBP
    [payment_fee] => 
    [payment_gross] => 
    [address_zip] => 93-313
    [address_country_code] => PL
    [mc_handling] => 0.00
    [verify_sign] => ARlm3Tn1Bq9SsAfYJrQeqAWzMpOtATdoOnECXsuaHsLhir07-S6K9pF3
    [payer_id] => WBF5ESZ6QX5MY
    [charset] => windows-1250
    [receiver_id] => Y8BY2HNCNHJJN
    [mc_handling1] => 0.00
    [mc_handling2] => 0.00
    [mc_handling3] => 0.00
    [mc_handling4] => 0.00
    [mc_handling5] => 0.00
    [item_name1] => MP3 Download: Piano Mash 001 (Base Club Old Skool Rave Edit Mix) - Urban Impulz
    [mc_handling6] => 0.00
    [item_name2] => MP3 Download: Are U Ready To Fly - Base Club
    [item_name3] => MP3 Download: Dancin Together - Base Club
    [item_name4] => MP3 Download: Feel It - Base Club
    [payment_type] => instant
    [item_name5] => MP3 Download: Back Again - Base Club
    [item_name6] => MP3 Download: Rudeboyz - Base Club
    [mc_shipping1] => 0.00
    [address_street] => Spoleczna 8/31
    [mc_shipping2] => 0.00
    [mc_shipping3] => 0.00
    [txn_id] => 64K680631N464291Y
    [mc_shipping4] => 0.00
    [mc_shipping5] => 0.00
    [mc_shipping6] => 0.00
    [reason_code] => refund
    [mc_gross_1] => 1.40
    [quantity1] => 1
    [mc_gross_2] => 1.40
    [quantity2] => 1
    [item_number1] => 132 1-3
    [protection_eligibility] => Ineligible
    [mc_gross_3] => 1.40
    [quantity3] => 1
    [item_number2] => 132 3-3
    [mc_gross_4] => 1.40
    [quantity4] => 1
    [item_number3] => 132 11-3
    [mc_gross_5] => 1.40
    [quantity5] => 1
    [custom] => 
    [item_number4] => 132 15-3
    [mc_gross_6] => 1.40
    [quantity6] => 1
    [item_number5] => 132 19-3
    [item_number6] => 132 21-3
    [business] => office@smashintracks.com
    [residence_country] => PL
    [last_name] => Matuszewski
    [address_state] => 
    [payer_email] => marti_no@o2.pl
    [address_city] => Lodz
    [payment_status] => Refunded
    [payment_date] => 09:08:48 May 19, 2011 PDT
    [parent_txn_id] => 5WL74647HS887032N
    [transaction_subject] => Shopping Cart
    [receiver_email] => office@smashintracks.com
    [mc_fee] => -0.44
    [notify_version] => 3.1
    [address_country] => Poland
    [mc_gross] => -8.40
    [address_name] => Marcin Matuszewski
    [ipn_track_id] => JRjky3NfU8j-G3XTqJHywA
)

IPN VERIFIED START - line 272
Res: VERIFIED - line 273
Req: VERIFIED - line 274
ERROR = TRUE - BAD AMOUNT. Should be: 0.00	Is:-8.40	prize - 0	prize_string - 0.00	mc_gross - -8.40 - line 299
txn_type != cart =  - line 441
INSERT SUCCESS: insert into paypal_payment_info(paymentstatus,buyer_email,firstname,lastname,street,city,state,zipcode,country,mc_gross,mc_fee,itemnumber,itemname,os0,on0,os1,on1,quantity,memo,paymenttype,paymentdate,txnid,pendingreason,reasoncode,tax,datecreation) values ('Refunded','marti_no@o2.pl','Marcin','Matuszewski','Spoleczna 8/31','Lodz','','93-313','Poland','-8.40','-0.44','','','','','','','','','instant','09:08:48 May 19, 2011 PDT','64K680631N464291Y','','refund','','20110519') - rows: 1 - line 449
IPN VERIFIED END - line 452
